TN:
SF:src/index.ts
FN:11,(anonymous_0)
FN:12,(anonymous_1)
FN:13,(anonymous_2)
FN:14,(anonymous_3)
FN:15,(anonymous_4)
FN:19,start
FNF:6
FNH:0
FNDA:0,(anonymous_0)
FNDA:0,(anonymous_1)
FNDA:0,(anonymous_2)
FNDA:0,(anonymous_3)
FNDA:0,(anonymous_4)
FNDA:0,start
DA:3,0
DA:4,0
DA:5,0
DA:6,0
DA:7,0
DA:11,0
DA:12,0
DA:13,0
DA:14,0
DA:15,0
DA:19,0
DA:20,0
DA:22,0
DA:23,0
DA:25,0
LF:15
LH:0
BRF:0
BRH:0
end_of_record
TN:
SF:src/core/EventEmitter.ts
FN:1,(anonymous_0)
FN:4,(anonymous_1)
FN:11,(anonymous_2)
FN:14,(anonymous_3)
FN:18,(anonymous_4)
FNF:5
FNH:2
FNDA:9,(anonymous_0)
FNDA:0,(anonymous_1)
FNDA:2,(anonymous_2)
FNDA:0,(anonymous_3)
FNDA:0,(anonymous_4)
DA:1,1
DA:2,9
DA:5,0
DA:6,0
DA:8,0
DA:12,2
DA:13,2
DA:14,0
DA:19,0
DA:20,0
DA:21,0
DA:22,0
DA:23,0
LF:13
LH:4
BRDA:5,0,0,0
BRDA:13,1,0,0
BRDA:20,2,0,0
BRDA:22,3,0,0
BRF:4
BRH:0
end_of_record
TN:
SF:src/core/Tool.ts
FN:16,(anonymous_0)
FN:25,(anonymous_1)
FN:58,(anonymous_2)
FN:93,(anonymous_3)
FN:107,(anonymous_4)
FNF:5
FNH:0
FNDA:0,(anonymous_0)
FNDA:0,(anonymous_1)
FNDA:0,(anonymous_2)
FNDA:0,(anonymous_3)
FNDA:0,(anonymous_4)
DA:1,0
DA:16,0
DA:21,0
DA:22,0
DA:23,0
DA:26,0
DA:27,0
DA:32,0
DA:33,0
DA:36,0
DA:39,0
DA:41,0
DA:42,0
DA:44,0
DA:46,0
DA:48,0
DA:49,0
DA:50,0
DA:52,0
DA:54,0
DA:59,0
DA:62,0
DA:63,0
DA:64,0
DA:65,0
DA:71,0
DA:72,0
DA:73,0
DA:74,0
DA:76,0
DA:77,0
DA:80,0
DA:81,0
DA:84,0
DA:85,0
DA:94,0
DA:95,0
DA:96,0
DA:98,0
DA:108,0
DA:109,0
DA:110,0
LF:42
LH:0
BRDA:62,0,0,0
BRDA:64,1,0,0
BRDA:72,2,0,0
BRDA:76,3,0,0
BRDA:76,4,0,0
BRDA:76,4,1,0
BRDA:80,5,0,0
BRDA:80,6,0,0
BRDA:80,6,1,0
BRDA:84,7,0,0
BRDA:84,8,0,0
BRDA:84,8,1,0
BRDA:95,9,0,0
BRDA:95,9,1,0
BRF:14
BRH:0
end_of_record
TN:
SF:src/core/ToolError.ts
FN:2,(anonymous_0)
FN:9,(anonymous_1)
FN:16,(anonymous_2)
FNF:3
FNH:0
FNDA:0,(anonymous_0)
FNDA:0,(anonymous_1)
FNDA:0,(anonymous_2)
DA:1,0
DA:2,0
DA:3,0
DA:4,0
DA:8,0
DA:9,0
DA:10,0
DA:11,0
DA:15,0
DA:16,0
DA:17,0
DA:18,0
LF:12
LH:0
BRF:0
BRH:0
end_of_record
TN:
SF:src/monitoring/BasicMetricsCollector.ts
FN:25,(anonymous_0)
FN:30,(anonymous_1)
FN:54,(anonymous_2)
FN:70,(anonymous_3)
FN:71,(anonymous_4)
FN:72,(anonymous_5)
FN:73,(anonymous_6)
FN:80,(anonymous_7)
FN:90,(anonymous_8)
FN:94,(anonymous_9)
FN:104,(anonymous_10)
FNF:11
FNH:0
FNDA:0,(anonymous_0)
FNDA:0,(anonymous_1)
FNDA:0,(anonymous_2)
FNDA:0,(anonymous_3)
FNDA:0,(anonymous_4)
FNDA:0,(anonymous_5)
FNDA:0,(anonymous_6)
FNDA:0,(anonymous_7)
FNDA:0,(anonymous_8)
FNDA:0,(anonymous_9)
FNDA:0,(anonymous_10)
DA:3,0
DA:22,0
DA:23,0
DA:26,0
DA:27,0
DA:36,0
DA:44,0
DA:45,0
DA:48,0
DA:51,0
DA:55,0
DA:57,0
DA:58,0
DA:68,0
DA:70,0
DA:71,0
DA:72,0
DA:73,0
DA:77,0
DA:81,0
DA:83,0
DA:84,0
DA:87,0
DA:91,0
DA:93,0
DA:94,0
DA:96,0
DA:97,0
DA:99,0
DA:105,0
DA:106,0
LF:31
LH:0
BRDA:44,0,0,0
BRDA:55,1,0,0
BRDA:55,1,1,0
BRDA:57,2,0,0
BRDA:96,3,0,0
BRDA:96,3,1,0
BRF:6
BRH:0
end_of_record
TN:
SF:src/monitoring/MetricsCollector.ts
FN:24,(anonymous_0)
FN:29,(anonymous_1)
FN:43,(anonymous_2)
FN:48,(anonymous_3)
FN:52,(anonymous_4)
FN:61,(anonymous_5)
FN:72,(anonymous_6)
FN:73,(anonymous_7)
FN:77,(anonymous_8)
FN:81,(anonymous_9)
FN:83,(anonymous_10)
FN:86,(anonymous_11)
FNF:12
FNH:11
FNDA:9,(anonymous_0)
FNDA:11,(anonymous_1)
FNDA:2,(anonymous_2)
FNDA:0,(anonymous_3)
FNDA:2,(anonymous_4)
FNDA:4,(anonymous_5)
FNDA:3,(anonymous_6)
FNDA:3,(anonymous_7)
FNDA:4,(anonymous_8)
FNDA:1,(anonymous_9)
FNDA:1,(anonymous_10)
FNDA:1,(anonymous_11)
DA:1,1
DA:18,1
DA:19,9
DA:20,9
DA:21,9
DA:25,9
DA:26,9
DA:30,11
DA:37,11
DA:40,11
DA:44,2
DA:45,2
DA:49,0
DA:53,2
DA:62,4
DA:63,4
DA:64,4
DA:66,4
DA:72,3
DA:73,3
DA:78,4
DA:82,1
DA:83,1
DA:87,1
DA:88,1
DA:89,1
LF:26
LH:25
BRDA:63,0,0,1
BRDA:63,0,1,3
BRF:2
BRH:2
end_of_record
TN:
SF:src/monitoring/alerts/AlertManager.ts
FN:10,(anonymous_0)
FN:14,(anonymous_1)
FN:19,(anonymous_2)
FN:46,(anonymous_3)
FN:51,(anonymous_4)
FNF:5
FNH:3
FNDA:9,(anonymous_0)
FNDA:2,(anonymous_1)
FNDA:11,(anonymous_2)
FNDA:0,(anonymous_3)
FNDA:0,(anonymous_4)
DA:1,1
DA:10,1
DA:11,9
DA:12,9
DA:15,2
DA:16,2
DA:20,11
DA:21,3
DA:22,3
DA:23,3
DA:26,3
DA:27,2
DA:29,2
DA:31,2
DA:40,2
DA:47,0
DA:48,0
DA:52,0
LF:18
LH:15
BRDA:21,0,0,3
BRDA:21,1,0,3
BRDA:21,1,1,3
BRDA:23,2,0,3
BRDA:23,2,1,2
BRDA:26,3,0,2
BRDA:26,4,0,3
BRDA:26,4,1,2
BRF:8
BRH:8
end_of_record
TN:
SF:src/protocols/EnhancedMCPTool.ts
FN:3,(anonymous_0)
FN:15,(anonymous_1)
FNF:2
FNH:0
FNDA:0,(anonymous_0)
FNDA:0,(anonymous_1)
DA:1,0
DA:3,0
DA:4,0
DA:5,0
DA:6,0
DA:16,0
DA:18,0
DA:20,0
DA:22,0
DA:24,0
LF:10
LH:0
BRDA:18,0,0,0
BRDA:18,0,1,0
BRDA:18,0,2,0
BRF:3
BRH:0
end_of_record
TN:
SF:src/protocols/WebSocketBus.ts
FN:22,(anonymous_0)
FN:31,(anonymous_1)
FN:32,(anonymous_2)
FN:36,(anonymous_3)
FN:44,(anonymous_4)
FN:49,(anonymous_5)
FN:55,(anonymous_6)
FN:66,(anonymous_7)
FN:74,(anonymous_8)
FN:81,(anonymous_9)
FN:83,(anonymous_10)
FN:90,(anonymous_11)
FN:99,(anonymous_12)
FNF:13
FNH:0
FNDA:0,(anonymous_0)
FNDA:0,(anonymous_1)
FNDA:0,(anonymous_2)
FNDA:0,(anonymous_3)
FNDA:0,(anonymous_4)
FNDA:0,(anonymous_5)
FNDA:0,(anonymous_6)
FNDA:0,(anonymous_7)
FNDA:0,(anonymous_8)
FNDA:0,(anonymous_9)
FNDA:0,(anonymous_10)
FNDA:0,(anonymous_11)
FNDA:0,(anonymous_12)
DA:1,0
DA:15,0
DA:16,0
DA:18,0
DA:19,0
DA:20,0
DA:23,0
DA:24,0
DA:32,0
DA:33,0
DA:34,0
DA:36,0
DA:37,0
DA:38,0
DA:39,0
DA:40,0
DA:41,0
DA:44,0
DA:45,0
DA:46,0
DA:49,0
DA:50,0
DA:51,0
DA:52,0
DA:55,0
DA:56,0
DA:57,0
DA:61,0
DA:67,0
DA:68,0
DA:70,0
DA:75,0
DA:76,0
DA:77,0
DA:82,0
DA:83,0
DA:84,0
DA:85,0
DA:91,0
DA:92,0
DA:93,0
DA:95,0
DA:96,0
DA:100,0
LF:44
LH:0
BRDA:67,0,0,0
BRDA:67,0,1,0
BRDA:67,1,0,0
BRDA:67,1,1,0
BRDA:75,2,0,0
BRDA:75,2,1,0
BRDA:82,3,0,0
BRDA:91,4,0,0
BRF:8
BRH:0
end_of_record
TN:
SF:src/protocols/grpc/GrpcClient.ts
FN:9,(anonymous_0)
FN:15,(anonymous_1)
FN:19,(anonymous_2)
FN:29,(anonymous_3)
FN:34,(anonymous_4)
FN:43,(anonymous_5)
FN:47,(anonymous_6)
FN:51,(anonymous_7)
FNF:8
FNH:0
FNDA:0,(anonymous_0)
FNDA:0,(anonymous_1)
FNDA:0,(anonymous_2)
FNDA:0,(anonymous_3)
FNDA:0,(anonymous_4)
FNDA:0,(anonymous_5)
FNDA:0,(anonymous_6)
FNDA:0,(anonymous_7)
DA:4,0
DA:10,0
DA:11,0
DA:12,0
DA:16,0
DA:20,0
DA:21,0
DA:22,0
DA:24,0
DA:25,0
DA:30,0
DA:31,0
DA:35,0
DA:36,0
DA:39,0
DA:40,0
DA:44,0
DA:48,0
DA:52,0
LF:19
LH:0
BRDA:9,0,0,0
BRDA:35,1,0,0
BRF:2
BRH:0
end_of_record
TN:
SF:src/protocols/grpc/GrpcProtocol.ts
FN:7,(anonymous_0)
FN:12,(anonymous_1)
FN:16,(anonymous_2)
FN:32,(anonymous_3)
FN:48,(anonymous_4)
FN:56,(anonymous_5)
FN:64,(anonymous_6)
FN:72,(anonymous_7)
FNF:8
FNH:0
FNDA:0,(anonymous_0)
FNDA:0,(anonymous_1)
FNDA:0,(anonymous_2)
FNDA:0,(anonymous_3)
FNDA:0,(anonymous_4)
FNDA:0,(anonymous_5)
FNDA:0,(anonymous_6)
FNDA:0,(anonymous_7)
DA:1,0
DA:3,0
DA:8,0
DA:9,0
DA:13,0
DA:17,0
DA:18,0
DA:19,0
DA:22,0
DA:23,0
DA:24,0
DA:25,0
DA:27,0
DA:28,0
DA:33,0
DA:34,0
DA:35,0
DA:38,0
DA:39,0
DA:40,0
DA:41,0
DA:43,0
DA:44,0
DA:49,0
DA:50,0
DA:53,0
DA:57,0
DA:58,0
DA:61,0
DA:65,0
DA:66,0
DA:69,0
DA:73,0
DA:74,0
DA:77,0
LF:35
LH:0
BRDA:17,0,0,0
BRDA:33,1,0,0
BRDA:49,2,0,0
BRDA:57,3,0,0
BRDA:65,4,0,0
BRDA:73,5,0,0
BRF:6
BRH:0
end_of_record
TN:
SF:src/protocols/websocket/WebSocketBus.ts
FN:9,(anonymous_0)
FN:11,(anonymous_1)
FN:15,(anonymous_2)
FN:22,(anonymous_3)
FN:27,(anonymous_4)
FN:32,(anonymous_5)
FN:42,(anonymous_6)
FN:56,(anonymous_7)
FN:69,(anonymous_8)
FN:75,(anonymous_9)
FNF:10
FNH:0
FNDA:0,(anonymous_0)
FNDA:0,(anonymous_1)
FNDA:0,(anonymous_2)
FNDA:0,(anonymous_3)
FNDA:0,(anonymous_4)
FNDA:0,(anonymous_5)
FNDA:0,(anonymous_6)
FNDA:0,(anonymous_7)
FNDA:0,(anonymous_8)
FNDA:0,(anonymous_9)
DA:1,0
DA:4,0
DA:5,0
DA:6,0
DA:7,0
DA:9,0
DA:12,0
DA:16,0
DA:17,0
DA:18,0
DA:21,0
DA:22,0
DA:23,0
DA:24,0
DA:25,0
DA:27,0
DA:28,0
DA:32,0
DA:33,0
DA:34,0
DA:38,0
DA:39,0
DA:43,0
DA:44,0
DA:45,0
DA:48,0
DA:49,0
DA:51,0
DA:52,0
DA:53,0
DA:57,0
DA:58,0
DA:61,0
DA:62,0
DA:63,0
DA:64,0
DA:70,0
DA:71,0
DA:74,0
DA:75,0
DA:76,0
DA:77,0
LF:42
LH:0
BRDA:9,0,0,0
BRDA:16,1,0,0
BRDA:43,2,0,0
BRDA:48,3,0,0
BRDA:57,4,0,0
BRDA:63,5,0,0
BRDA:70,6,0,0
BRDA:76,7,0,0
BRF:8
BRH:0
end_of_record
TN:
SF:src/services/AgentScheduler.ts
FN:24,(anonymous_0)
FN:31,(anonymous_1)
FN:41,(anonymous_2)
FN:65,(anonymous_3)
FN:69,(anonymous_4)
FN:81,(anonymous_5)
FN:92,(anonymous_6)
FN:93,(anonymous_7)
FN:119,(anonymous_8)
FN:120,(anonymous_9)
FN:126,(anonymous_10)
FN:127,(anonymous_11)
FN:137,(anonymous_12)
FN:141,(anonymous_13)
FN:142,(anonymous_14)
FN:143,(anonymous_15)
FN:144,(anonymous_16)
FN:165,(anonymous_17)
FN:166,(anonymous_18)
FN:167,(anonymous_19)
FN:168,(anonymous_20)
FN:179,(anonymous_21)
FN:181,(anonymous_22)
FNF:23
FNH:0
FNDA:0,(anonymous_0)
FNDA:0,(anonymous_1)
FNDA:0,(anonymous_2)
FNDA:0,(anonymous_3)
FNDA:0,(anonymous_4)
FNDA:0,(anonymous_5)
FNDA:0,(anonymous_6)
FNDA:0,(anonymous_7)
FNDA:0,(anonymous_8)
FNDA:0,(anonymous_9)
FNDA:0,(anonymous_10)
FNDA:0,(anonymous_11)
FNDA:0,(anonymous_12)
FNDA:0,(anonymous_13)
FNDA:0,(anonymous_14)
FNDA:0,(anonymous_15)
FNDA:0,(anonymous_16)
FNDA:0,(anonymous_17)
FNDA:0,(anonymous_18)
FNDA:0,(anonymous_19)
FNDA:0,(anonymous_20)
FNDA:0,(anonymous_21)
FNDA:0,(anonymous_22)
DA:24,0
DA:25,0
DA:26,0
DA:27,0
DA:28,0
DA:29,0
DA:32,0
DA:38,0
DA:42,0
DA:43,0
DA:44,0
DA:47,0
DA:56,0
DA:57,0
DA:60,0
DA:62,0
DA:66,0
DA:67,0
DA:68,0
DA:69,0
DA:72,0
DA:73,0
DA:74,0
DA:75,0
DA:82,0
DA:84,0
DA:85,0
DA:86,0
DA:88,0
DA:90,0
DA:93,0
DA:97,0
DA:98,0
DA:99,0
DA:102,0
DA:103,0
DA:104,0
DA:106,0
DA:107,0
DA:110,0
DA:111,0
DA:115,0
DA:120,0
DA:121,0
DA:127,0
DA:129,0
DA:130,0
DA:133,0
DA:138,0
DA:142,0
DA:143,0
DA:144,0
DA:147,0
DA:148,0
DA:149,0
DA:152,0
DA:153,0
DA:154,0
DA:155,0
DA:157,0
DA:161,0
DA:166,0
DA:167,0
DA:168,0
DA:170,0
DA:180,0
DA:181,0
LF:67
LH:0
BRDA:41,0,0,0
BRDA:43,1,0,0
BRDA:69,2,0,0
BRDA:69,2,1,0
BRDA:72,3,0,0
BRDA:72,4,0,0
BRDA:72,4,1,0
BRDA:74,5,0,0
BRDA:110,6,0,0
BRDA:120,7,0,0
BRDA:120,7,1,0
BRDA:121,8,0,0
BRDA:121,8,1,0
BRDA:129,9,0,0
BRDA:144,10,0,0
BRDA:144,10,1,0
BRDA:147,11,0,0
BRDA:152,12,0,0
BRDA:152,12,1,0
BRDA:154,13,0,0
BRDA:154,13,1,0
BRDA:174,14,0,0
BRDA:174,14,1,0
BRF:23
BRH:0
end_of_record
TN:
SF:src/services/AgentSystem.ts
FN:8,(anonymous_0)
FN:13,(anonymous_1)
FN:25,(anonymous_2)
FN:34,(anonymous_3)
FN:40,(anonymous_4)
FN:45,(anonymous_5)
FN:49,(anonymous_6)
FNF:7
FNH:0
FNDA:0,(anonymous_0)
FNDA:0,(anonymous_1)
FNDA:0,(anonymous_2)
FNDA:0,(anonymous_3)
FNDA:0,(anonymous_4)
FNDA:0,(anonymous_5)
FNDA:0,(anonymous_6)
DA:1,0
DA:2,0
DA:4,0
DA:9,0
DA:10,0
DA:14,0
DA:17,0
DA:20,0
DA:22,0
DA:26,0
DA:28,0
DA:29,0
DA:31,0
DA:35,0
DA:37,0
DA:41,0
DA:42,0
DA:46,0
DA:53,0
LF:19
LH:0
BRF:0
BRH:0
end_of_record
TN:
SF:src/services/monitor/AlertManager.ts
FN:33,(anonymous_0)
FN:38,(anonymous_1)
FN:59,(anonymous_2)
FN:64,(anonymous_3)
FN:106,(anonymous_4)
FN:120,(anonymous_5)
FN:125,(anonymous_6)
FN:137,(anonymous_7)
FN:142,(anonymous_8)
FN:143,(anonymous_9)
FN:147,(anonymous_10)
FN:158,(anonymous_11)
FN:165,(anonymous_12)
FN:173,(anonymous_13)
FN:174,(anonymous_14)
FNF:15
FNH:0
FNDA:0,(anonymous_0)
FNDA:0,(anonymous_1)
FNDA:0,(anonymous_2)
FNDA:0,(anonymous_3)
FNDA:0,(anonymous_4)
FNDA:0,(anonymous_5)
FNDA:0,(anonymous_6)
FNDA:0,(anonymous_7)
FNDA:0,(anonymous_8)
FNDA:0,(anonymous_9)
FNDA:0,(anonymous_10)
FNDA:0,(anonymous_11)
FNDA:0,(anonymous_12)
FNDA:0,(anonymous_13)
FNDA:0,(anonymous_14)
DA:29,0
DA:30,0
DA:31,0
DA:34,0
DA:39,0
DA:41,0
DA:52,0
DA:53,0
DA:55,0
DA:60,0
DA:65,0
DA:67,0
DA:69,0
DA:71,0
DA:75,0
DA:81,0
DA:83,0
DA:84,0
DA:85,0
DA:86,0
DA:88,0
DA:91,0
DA:93,0
DA:94,0
DA:95,0
DA:97,0
DA:98,0
DA:102,0
DA:107,0
DA:109,0
DA:111,0
DA:113,0
DA:115,0
DA:121,0
DA:126,0
DA:127,0
DA:128,0
DA:129,0
DA:131,0
DA:138,0
DA:143,0
DA:148,0
DA:149,0
DA:150,0
DA:151,0
DA:152,0
DA:154,0
DA:159,0
DA:160,0
DA:161,0
DA:170,0
DA:171,0
DA:173,0
DA:174,0
LF:54
LH:0
BRDA:45,0,0,0
BRDA:45,0,1,0
BRDA:46,1,0,0
BRDA:46,1,1,0
BRDA:69,2,0,0
BRDA:69,3,0,0
BRDA:69,3,1,0
BRDA:81,4,0,0
BRDA:81,4,1,0
BRDA:95,5,0,0
BRDA:107,6,0,0
BRDA:107,6,1,0
BRDA:107,6,2,0
BRDA:107,6,3,0
BRDA:127,7,0,0
BRDA:149,8,0,0
BRF:16
BRH:0
end_of_record
TN:
SF:src/services/monitor/MetricsCollector.ts
FN:40,(anonymous_0)
FN:45,(anonymous_1)
FN:64,(anonymous_2)
FN:98,(anonymous_3)
FN:104,(anonymous_4)
FN:119,(anonymous_5)
FN:134,(anonymous_6)
FN:145,(anonymous_7)
FN:152,(anonymous_8)
FN:153,(anonymous_9)
FN:158,(anonymous_10)
FN:166,(anonymous_11)
FN:168,(anonymous_12)
FN:173,(anonymous_13)
FN:178,(anonymous_14)
FNF:15
FNH:0
FNDA:0,(anonymous_0)
FNDA:0,(anonymous_1)
FNDA:0,(anonymous_2)
FNDA:0,(anonymous_3)
FNDA:0,(anonymous_4)
FNDA:0,(anonymous_5)
FNDA:0,(anonymous_6)
FNDA:0,(anonymous_7)
FNDA:0,(anonymous_8)
FNDA:0,(anonymous_9)
FNDA:0,(anonymous_10)
FNDA:0,(anonymous_11)
FNDA:0,(anonymous_12)
FNDA:0,(anonymous_13)
FNDA:0,(anonymous_14)
DA:27,0
DA:28,0
DA:29,0
DA:37,0
DA:38,0
DA:41,0
DA:46,0
DA:54,0
DA:57,0
DA:60,0
DA:65,0
DA:67,0
DA:68,0
DA:69,0
DA:71,0
DA:73,0
DA:74,0
DA:75,0
DA:77,0
DA:79,0
DA:80,0
DA:81,0
DA:83,0
DA:85,0
DA:86,0
DA:87,0
DA:89,0
DA:91,0
DA:92,0
DA:93,0
DA:99,0
DA:100,0
DA:105,0
DA:106,0
DA:108,0
DA:109,0
DA:110,0
DA:112,0
DA:113,0
DA:114,0
DA:120,0
DA:122,0
DA:125,0
DA:135,0
DA:152,0
DA:153,0
DA:154,0
DA:156,0
DA:158,0
DA:167,0
DA:168,0
DA:169,0
DA:174,0
DA:179,0
DA:180,0
DA:188,0
LF:56
LH:0
BRDA:65,0,0,0
BRDA:65,0,1,0
BRDA:65,0,2,0
BRDA:65,0,3,0
BRDA:65,0,4,0
BRDA:68,1,0,0
BRDA:74,2,0,0
BRDA:80,3,0,0
BRDA:86,4,0,0
BRDA:106,5,0,0
BRDA:109,6,0,0
BRDA:109,6,1,0
BRDA:110,7,0,0
BRDA:110,7,1,0
BRDA:112,8,0,0
BRDA:112,9,0,0
BRDA:112,9,1,0
BRDA:158,10,0,0
BRDA:158,10,1,0
BRDA:159,11,0,0
BRDA:159,11,1,0
BRDA:160,12,0,0
BRDA:160,12,1,0
BRDA:166,13,0,0
BRF:24
BRH:0
end_of_record
TN:
SF:src/services/state/AdvancedStateSyncService.ts
FN:32,(anonymous_0)
FN:50,(anonymous_1)
FN:69,(anonymous_2)
FN:85,(anonymous_3)
FN:89,(anonymous_4)
FN:93,(anonymous_5)
FN:102,(anonymous_6)
FN:106,(anonymous_7)
FN:114,(anonymous_8)
FN:126,(anonymous_9)
FN:127,(anonymous_10)
FN:132,(anonymous_11)
FN:136,(anonymous_12)
FN:140,(anonymous_13)
FN:146,(anonymous_14)
FN:147,(anonymous_15)
FN:153,(anonymous_16)
FN:154,(anonymous_17)
FN:160,(anonymous_18)
FN:174,(anonymous_19)
FN:198,(anonymous_20)
FN:203,(anonymous_21)
FN:206,(anonymous_22)
FN:211,(anonymous_23)
FN:225,(anonymous_24)
FN:241,(anonymous_25)
FN:255,(anonymous_26)
FN:272,(anonymous_27)
FN:280,(anonymous_28)
FN:291,(anonymous_29)
FN:295,(anonymous_30)
FN:299,(anonymous_31)
FN:303,(anonymous_32)
FN:307,(anonymous_33)
FN:311,(anonymous_34)
FN:315,(anonymous_35)
FN:320,(anonymous_36)
FNF:37
FNH:21
FNDA:21,(anonymous_0)
FNDA:2,(anonymous_1)
FNDA:22,(anonymous_2)
FNDA:21,(anonymous_3)
FNDA:0,(anonymous_4)
FNDA:2,(anonymous_5)
FNDA:0,(anonymous_6)
FNDA:1,(anonymous_7)
FNDA:43,(anonymous_8)
FNDA:21,(anonymous_9)
FNDA:9,(anonymous_10)
FNDA:0,(anonymous_11)
FNDA:0,(anonymous_12)
FNDA:0,(anonymous_13)
FNDA:2,(anonymous_14)
FNDA:0,(anonymous_15)
FNDA:2,(anonymous_16)
FNDA:0,(anonymous_17)
FNDA:0,(anonymous_18)
FNDA:9,(anonymous_19)
FNDA:9,(anonymous_20)
FNDA:0,(anonymous_21)
FNDA:0,(anonymous_22)
FNDA:0,(anonymous_23)
FNDA:7,(anonymous_24)
FNDA:1,(anonymous_25)
FNDA:1,(anonymous_26)
FNDA:12,(anonymous_27)
FNDA:5,(anonymous_28)
FNDA:9,(anonymous_29)
FNDA:6,(anonymous_30)
FNDA:0,(anonymous_31)
FNDA:0,(anonymous_32)
FNDA:0,(anonymous_33)
FNDA:0,(anonymous_34)
FNDA:0,(anonymous_35)
FNDA:6,(anonymous_36)
DA:3,2
DA:4,2
DA:24,2
DA:27,21
DA:28,21
DA:29,21
DA:33,21
DA:34,21
DA:41,21
DA:45,21
DA:46,21
DA:51,2
DA:52,0
DA:53,0
DA:56,2
DA:57,2
DA:59,2
DA:62,2
DA:65,2
DA:70,22
DA:71,20
DA:74,2
DA:75,2
DA:77,2
DA:78,2
DA:81,2
DA:87,21
DA:91,0
DA:95,2
DA:100,21
DA:104,0
DA:108,1
DA:115,43
DA:116,0
DA:117,0
DA:120,43
DA:121,43
DA:122,43
DA:127,21
DA:128,9
DA:129,9
DA:132,21
DA:133,0
DA:136,21
DA:137,0
DA:140,21
DA:141,0
DA:147,2
DA:148,0
DA:154,2
DA:155,0
DA:161,0
DA:162,0
DA:165,0
DA:170,0
DA:175,9
DA:177,9
DA:178,9
DA:179,9
DA:182,0
DA:185,0
DA:186,0
DA:188,0
DA:189,0
DA:191,0
DA:192,0
DA:199,9
DA:202,9
DA:203,0
DA:205,9
DA:206,0
DA:212,0
DA:213,0
DA:215,0
DA:216,0
DA:217,0
DA:218,0
DA:219,0
DA:226,7
DA:227,0
DA:228,0
DA:231,7
DA:232,7
DA:234,7
DA:235,7
DA:237,7
DA:242,1
DA:243,0
DA:244,0
DA:247,1
DA:248,1
DA:249,1
DA:251,1
DA:256,1
DA:257,1
DA:258,0
DA:259,0
DA:262,1
DA:263,1
DA:264,0
DA:265,0
DA:268,1
DA:278,12
DA:279,12
DA:280,5
DA:282,12
DA:292,9
DA:296,6
DA:300,0
DA:304,0
DA:308,0
DA:312,0
DA:316,0
DA:321,6
LF:114
LH:70
BRDA:51,0,0,0
BRDA:70,1,0,20
BRDA:77,2,0,2
BRDA:95,3,0,0
BRDA:95,3,1,2
BRDA:104,4,0,0
BRDA:104,4,1,0
BRDA:108,5,0,0
BRDA:108,5,1,1
BRDA:115,6,0,0
BRDA:161,7,0,0
BRDA:177,8,0,9
BRDA:199,9,0,9
BRDA:199,9,1,0
BRDA:203,10,0,0
BRDA:203,10,1,0
BRDA:216,11,0,0
BRDA:226,12,0,0
BRDA:242,13,0,0
BRDA:257,14,0,0
BRDA:263,15,0,0
BRF:21
BRH:6
end_of_record
TN:
SF:src/services/state/DistributedStateManager.ts
FN:35,(anonymous_0)
FN:43,(anonymous_1)
FN:48,(anonymous_2)
FN:53,(anonymous_3)
FN:58,(anonymous_4)
FN:62,(anonymous_5)
FN:66,(anonymous_6)
FN:87,(anonymous_7)
FN:92,(anonymous_8)
FN:124,(anonymous_9)
FN:129,(anonymous_10)
FN:140,(anonymous_11)
FN:144,(anonymous_12)
FNF:13
FNH:5
FNDA:21,(anonymous_0)
FNDA:0,(anonymous_1)
FNDA:2,(anonymous_2)
FNDA:2,(anonymous_3)
FNDA:0,(anonymous_4)
FNDA:0,(anonymous_5)
FNDA:9,(anonymous_6)
FNDA:6,(anonymous_7)
FNDA:0,(anonymous_8)
FNDA:0,(anonymous_9)
FNDA:0,(anonymous_10)
FNDA:0,(anonymous_11)
FNDA:0,(anonymous_12)
DA:3,2
DA:27,2
DA:29,21
DA:30,21
DA:31,21
DA:32,21
DA:36,21
DA:37,21
DA:38,21
DA:40,21
DA:43,21
DA:44,0
DA:50,2
DA:54,2
DA:55,2
DA:59,0
DA:63,0
DA:67,9
DA:68,9
DA:76,9
DA:82,9
DA:84,9
DA:88,6
DA:89,6
DA:94,0
DA:96,0
DA:97,0
DA:101,0
DA:102,0
DA:106,0
DA:112,0
DA:119,0
DA:121,0
DA:125,0
DA:126,0
DA:130,0
DA:131,0
DA:134,0
DA:135,0
DA:137,0
DA:141,0
DA:145,0
LF:42
LH:21
BRDA:35,0,0,0
BRDA:38,1,0,21
BRDA:38,1,1,0
BRDA:89,2,0,6
BRDA:89,2,1,0
BRDA:96,3,0,0
BRDA:96,4,0,0
BRDA:96,4,1,0
BRDA:101,5,0,0
BRDA:101,6,0,0
BRDA:101,6,1,0
BRDA:130,7,0,0
BRF:12
BRH:2
end_of_record
